[+] Containers:
 |- [+] Container: /Game/WL_Forest
 |   |- [+] ActorDescs:
 |   |   |- Guid:0859730C407139D7FEDFBEA2D023E2FC BaseClass: NativeClass:/Script/Landscape.Landscape Name:Landscape_UAID_B4A9FCF07D0FD86101_2081685608 Label:Landscape SpatiallyLoaded:0 Bounds:IsValid=true, Min=(X=-25200.000 Y=-25200.000 Z=100.000), Max=(X=-25200.000 Y=-25200.000 Z=100.000) RuntimeGrid:None EditorOnly:0 RuntimeOnly:0 HLODRelevant:0
 |   |   |- Guid:0A00A21448FEA449D2A74E81E113B821 BaseClass: NativeClass:/Script/Landscape.LandscapeStreamingProxy Name:LandscapeStreamingProxy_B54HXKPNOU8T73MBEW7N3LRKX_1_1_2_0 Label:LandscapeStreamingProxy_1_2_0 SpatiallyLoaded:1 Bounds:IsValid=true, Min=(X=-12600.000 Y=0.000 Z=10.156), Max=(X=0.000 Y=12600.000 Z=896.875) RuntimeGrid:None EditorOnly:0 RuntimeOnly:0 HLODRelevant:1
 |   |   |- Guid:118CDB48414AB6D18CC2FE91FF7250EB BaseClass: NativeClass:/Script/Engine.StaticMeshActor Name:StaticMeshActor_UAID_B4A9FCF07D0FCC6601_2087848777 Label:oak_tree_1_Tree_0 SpatiallyLoaded:1 Bounds:IsValid=true, Min=(X=-968.235 Y=2605.641 Z=80.000), Max=(X=-36.199 Y=3707.299 Z=1060.041) RuntimeGrid:None EditorOnly:0 RuntimeOnly:0 HLODRelevant:1
 |   |   |- Guid:198DC5FE4775DCE93992D1B30C6F1F93 BaseClass: NativeClass:/Script/Engine.StaticMeshActor Name:StaticMeshActor_UAID_B4A9FCF07D0FC96601_1145416247 Label:tex_tree_2 SpatiallyLoaded:1 Bounds:IsValid=true, Min=(X=1556.891 Y=2742.551 Z=179.130), Max=(X=2975.532 Y=4311.939 Z=1542.209) RuntimeGrid:None EditorOnly:0 RuntimeOnly:0 HLODRelevant:1
 |   |   |- Guid:1F9C45584E48CA0C6987A59BA1BC8C3E BaseClass: NativeClass:/Script/Engine.StaticMeshActor Name:StaticMeshActor_UAID_B4A9FCF07D0FCC6601_2087887778 Label:oak_tree_1_Tree_1 SpatiallyLoaded:1 Bounds:IsValid=true, Min=(X=-1079.414 Y=2561.744 Z=392.151), Max=(X=45.862 Y=3749.488 Z=1193.384) RuntimeGrid:None EditorOnly:0 RuntimeOnly:0 HLODRelevant:1
 |   |   |- Guid:1FEED82E42B20FD79DD3309C97763B9A BaseClass: NativeClass:/Script/Landscape.LandscapeStreamingProxy Name:LandscapeStreamingProxy_B54HXKPNOU8T73MBEW7N3LRKX_1_2_1_0 Label:LandscapeStreamingProxy_2_1_0 SpatiallyLoaded:1 Bounds:IsValid=true, Min=(X=0.000 Y=-12600.000 Z=40.625), Max=(X=12600.000 Y=0.000 Z=1207.812) RuntimeGrid:None EditorOnly:0 RuntimeOnly:0 HLODRelevant:1
 |   |   |- Guid:252A49A149A22577320AF786061AE57C BaseClass: NativeClass:/Script/Engine.StaticMeshActor Name:StaticMeshActor_UAID_B4A9FCF07D0FD76101_1685736431 Label:Plane SpatiallyLoaded:1 Bounds:IsValid=true, Min=(X=-24610.000 Y=-23060.000 Z=10.000), Max=(X=25390.000 Y=26940.000 Z=10.000) RuntimeGrid:None EditorOnly:0 RuntimeOnly:0 HLODRelevant:1
 |   |   |- Guid:2D79D7A541A9D21769AD6CB97EB466A7 BaseClass: NativeClass:/Script/Landscape.LandscapeStreamingProxy Name:LandscapeStreamingProxy_B54HXKPNOU8T73MBEW7N3LRKX_1_1_3_0 Label:LandscapeStreamingProxy_1_3_0 SpatiallyLoaded:1 Bounds:IsValid=true, Min=(X=-12600.000 Y=12600.000 Z=100.000), Max=(X=0.000 Y=25200.000 Z=100.000) RuntimeGrid:None EditorOnly:0 RuntimeOnly:0 HLODRelevant:1
 |   |   |- Guid:37653D464A4A44A4D5C28C93AF6DE7B9 BaseClass: NativeClass:/Script/Landscape.LandscapeStreamingProxy Name:LandscapeStreamingProxy_B54HXKPNOU8T73MBEW7N3LRKX_1_2_2_0 Label:LandscapeStreamingProxy_2_2_0 SpatiallyLoaded:1 Bounds:IsValid=true, Min=(X=0.000 Y=0.000 Z=58.594), Max=(X=12600.000 Y=12600.000 Z=985.156) RuntimeGrid:None EditorOnly:0 RuntimeOnly:0 HLODRelevant:1
 |   |   |- Guid:45966026420E2BBC9342829D22EF6CC9 BaseClass: NativeClass:/Script/Landscape.LandscapeStreamingProxy Name:LandscapeStreamingProxy_B54HXKPNOU8T73MBEW7N3LRKX_1_0_1_0 Label:LandscapeStreamingProxy_0_1_0 SpatiallyLoaded:1 Bounds:IsValid=true, Min=(X=-25200.000 Y=-12600.000 Z=0.000), Max=(X=-12600.000 Y=0.000 Z=200.000) RuntimeGrid:None EditorOnly:0 RuntimeOnly:0 HLODRelevant:1
 |   |   |- Guid:514BDBD4428CEBB26257CD99434EBA46 BaseClass: NativeClass:/Script/Engine.StaticMeshActor Name:StaticMeshActor_UAID_309C23BC3FF02C6D01_1738385008 Label:oak_uv_lp SpatiallyLoaded:1 Bounds:IsValid=true, Min=(X=1399.671 Y=1653.378 Z=105.588), Max=(X=2244.297 Y=2563.876 Z=897.828) RuntimeGrid:None EditorOnly:0 RuntimeOnly:0 HLODRelevant:1
 |   |   |- Guid:59798E4A49CBEB5D8C7666BBF40ED9E0 BaseClass: NativeClass:/Script/Landscape.LandscapeStreamingProxy Name:LandscapeStreamingProxy_B54HXKPNOU8T73MBEW7N3LRKX_1_0_0_0 Label:LandscapeStreamingProxy_0_0_0 SpatiallyLoaded:1 Bounds:IsValid=true, Min=(X=-25200.000 Y=-25200.000 Z=100.000), Max=(X=-12600.000 Y=-12600.000 Z=100.000) RuntimeGrid:None EditorOnly:0 RuntimeOnly:0 HLODRelevant:1
 |   |   |- Guid:5FE7584649BB6F09265329A6C57CFD0D BaseClass: NativeClass:/Script/Engine.VolumetricCloud Name:VolumetricCloud_0 Label:VolumetricCloud SpatiallyLoaded:0 Bounds:IsValid=true, Min=(X=0.000 Y=0.000 Z=820.000), Max=(X=0.000 Y=0.000 Z=820.000) RuntimeGrid:None EditorOnly:0 RuntimeOnly:0 HLODRelevant:0 FolderPath:Lighting FolderGuid:0BA5F0A04EADB18E70D5B180D08FA34B
 |   |   |- Guid:601461FA4E763CE08EEE5B8B0ED9838C BaseClass: NativeClass:/Script/Engine.StaticMeshActor Name:StaticMeshActor_UAID_B4A9FCF07D0F1B6301_1565156456 Label:PineTree2 SpatiallyLoaded:1 Bounds:IsValid=true, Min=(X=-180.000 Y=640.000 Z=100.000), Max=(X=-180.000 Y=640.000 Z=100.000) RuntimeGrid:None EditorOnly:0 RuntimeOnly:0 HLODRelevant:0
 |   |   |- Guid:60F508594EC2B753038A6EA67C875597 BaseClass: NativeClass:/Script/Landscape.LandscapeStreamingProxy Name:LandscapeStreamingProxy_B54HXKPNOU8T73MBEW7N3LRKX_1_2_3_0 Label:LandscapeStreamingProxy_2_3_0 SpatiallyLoaded:1 Bounds:IsValid=true, Min=(X=0.000 Y=12600.000 Z=100.000), Max=(X=12600.000 Y=25200.000 Z=100.000) RuntimeGrid:None EditorOnly:0 RuntimeOnly:0 HLODRelevant:1
 |   |   |- Guid:61391D344900612A77DFC3BA3E354907 BaseClass: NativeClass:/Script/Engine.ExponentialHeightFog Name:ExponentialHeightFog_0 Label:ExponentialHeightFog SpatiallyLoaded:0 Bounds:IsValid=true, Min=(X=-5600.000 Y=-50.000 Z=-6850.000), Max=(X=-5600.000 Y=-50.000 Z=-6850.000) RuntimeGrid:None EditorOnly:0 RuntimeOnly:0 HLODRelevant:0 FolderPath:Lighting FolderGuid:0BA5F0A04EADB18E70D5B180D08FA34B
 |   |   |- Guid:67FA935546E380C084C027A8CF96CBBB BaseClass: NativeClass:/Script/Landscape.LandscapeStreamingProxy Name:LandscapeStreamingProxy_B54HXKPNOU8T73MBEW7N3LRKX_1_0_2_0 Label:LandscapeStreamingProxy_0_2_0 SpatiallyLoaded:1 Bounds:IsValid=true, Min=(X=-25200.000 Y=0.000 Z=100.000), Max=(X=-12600.000 Y=12600.000 Z=100.000) RuntimeGrid:None EditorOnly:0 RuntimeOnly:0 HLODRelevant:1
 |   |   |- Guid:6812108E41D65306B57597A859FFFB33 BaseClass: NativeClass:/Script/Engine.StaticMeshActor Name:StaticMeshActor_UAID_309C23BC3FF02B6D01_1145476831 Label:formation2_uv_lp SpatiallyLoaded:1 Bounds:IsValid=true, Min=(X=-538.223 Y=3252.131 Z=-4.561), Max=(X=1289.131 Y=4256.593 Z=1321.386) RuntimeGrid:None EditorOnly:0 RuntimeOnly:0 HLODRelevant:1
 |   |   |- Guid:6FEFB3BD4EB37B849EF0D4AC80F83855 BaseClass: NativeClass:/Script/Engine.WorldDataLayers Name:WorldDataLayers Label:WorldDataLayers SpatiallyLoaded:0 Bounds:IsValid=true, Min=(X=0.000 Y=0.000 Z=0.000), Max=(X=0.000 Y=0.000 Z=0.000) RuntimeGrid:None EditorOnly:0 RuntimeOnly:0 HLODRelevant:0
 |   |   |- Guid:7107C36545B4B87979C4FB9FB3C61186 BaseClass: NativeClass:/Script/Landscape.LandscapeStreamingProxy Name:LandscapeStreamingProxy_B54HXKPNOU8T73MBEW7N3LRKX_1_3_1_0 Label:LandscapeStreamingProxy_3_1_0 SpatiallyLoaded:1 Bounds:IsValid=true, Min=(X=12600.000 Y=-12600.000 Z=100.000), Max=(X=25200.000 Y=0.000 Z=1199.219) RuntimeGrid:None EditorOnly:0 RuntimeOnly:0 HLODRelevant:1
 |   |   |- Guid:77087BCA4B99673F4F1C9598B4060099 BaseClass: NativeClass:/Script/Engine.StaticMeshActor Name:StaticMeshActor_UAID_B4A9FCF07D0FDA6101_1534955963 Label:Cylinder2 SpatiallyLoaded:1 Bounds:IsValid=true, Min=(X=13150.000 Y=-23252.500 Z=102.000), Max=(X=13250.000 Y=-23127.500 Z=302.000) RuntimeGrid:None EditorOnly:0 RuntimeOnly:0 HLODRelevant:1
 |   |   |- Guid:7D6529E048536630E459CB8BEBF77686 BaseClass: NativeClass:/Script/Landscape.LandscapeStreamingProxy Name:LandscapeStreamingProxy_B54HXKPNOU8T73MBEW7N3LRKX_1_3_0_0 Label:LandscapeStreamingProxy_3_0_0 SpatiallyLoaded:1 Bounds:IsValid=true, Min=(X=12600.000 Y=-25200.000 Z=100.000), Max=(X=25200.000 Y=-12600.000 Z=100.000) RuntimeGrid:None EditorOnly:0 RuntimeOnly:0 HLODRelevant:1
 |   |   |- Guid:7F3F08E548BFFEC72E891893E0740EAE BaseClass: NativeClass:/Script/Engine.StaticMeshActor Name:StaticMeshActor_UAID_B4A9FCF07D0FDA6101_1096593961 Label:Cylinder SpatiallyLoaded:1 Bounds:IsValid=true, Min=(X=730.000 Y=117.500 Z=102.000), Max=(X=830.000 Y=242.500 Z=302.000) RuntimeGrid:None EditorOnly:0 RuntimeOnly:0 HLODRelevant:1
 |   |   |- Guid:9035887843E8F81E86A54CBDF64BD623 BaseClass: NativeClass:/Script/Landscape.LandscapeStreamingProxy Name:LandscapeStreamingProxy_B54HXKPNOU8T73MBEW7N3LRKX_1_3_2_0 Label:LandscapeStreamingProxy_3_2_0 SpatiallyLoaded:1 Bounds:IsValid=true, Min=(X=12600.000 Y=0.000 Z=100.000), Max=(X=25200.000 Y=12600.000 Z=917.188) RuntimeGrid:None EditorOnly:0 RuntimeOnly:0 HLODRelevant:1
 |   |   |- Guid:9C5F5F7949A75A564BD37AAF5DC00024 BaseClass: NativeClass:/Script/Landscape.LandscapeStreamingProxy Name:LandscapeStreamingProxy_B54HXKPNOU8T73MBEW7N3LRKX_1_0_3_0 Label:LandscapeStreamingProxy_0_3_0 SpatiallyLoaded:1 Bounds:IsValid=true, Min=(X=-25200.000 Y=12600.000 Z=100.000), Max=(X=-12600.000 Y=25200.000 Z=100.000) RuntimeGrid:None EditorOnly:0 RuntimeOnly:0 HLODRelevant:1
 |   |   |- Guid:A169FD32479FAA0289C4258A4CAD5A91 BaseClass: NativeClass:/Script/Engine.StaticMeshActor Name:StaticMeshActor_UAID_B4A9FCF07D0F2B6801_1180607553 Label:hickory_lp_2 SpatiallyLoaded:1 Bounds:IsValid=true, Min=(X=527.497 Y=327.133 Z=94.371), Max=(X=1244.320 Y=1105.332 Z=1273.737) RuntimeGrid:None EditorOnly:0 RuntimeOnly:0 HLODRelevant:1
 |   |   |- Guid:A354B1B24E617A525DC6B48CCDE2417E BaseClass: NativeClass:/Script/Engine.PlayerStart Name:PlayerStart_0 Label:PlayerStart SpatiallyLoaded:0 Bounds:IsValid=true, Min=(X=860.000 Y=810.000 Z=100.013), Max=(X=940.000 Y=890.000 Z=284.013) RuntimeGrid:None EditorOnly:0 RuntimeOnly:0 HLODRelevant:0
 |   |   |- Guid:A6AEB2FB473AAA31833C25AC1C44A86F BaseClass: NativeClass:/Script/Engine.SkeletalMeshActor Name:SkeletalMeshActor_UAID_B4A9FCF07D0FDA6101_1473952962 Label:SK_Mannequin_Arms SpatiallyLoaded:1 Bounds:IsValid=true, Min=(X=816.602 Y=916.631 Z=193.746), Max=(X=963.214 Y=953.776 Z=266.371) RuntimeGrid:None EditorOnly:0 RuntimeOnly:0 HLODRelevant:0
 |   |   |- Guid:AC1C07F3429D48379DDE1E84DDF50D85 BaseClass: NativeClass:/Script/Engine.StaticMeshActor Name:StaticMeshActor_UAID_309C23BC3FF0F76301_1905890175 Label:pt3 SpatiallyLoaded:1 Bounds:IsValid=true, Min=(X=238.238 Y=2459.439 Z=160.172), Max=(X=970.953 Y=3049.980 Z=1429.589) RuntimeGrid:None EditorOnly:0 RuntimeOnly:0 HLODRelevant:1
 |   |   |- Guid:AE3E986545E9E4271E0928857EFD2CB7 BaseClass: NativeClass:/Script/Engine.StaticMeshActor Name:StaticMeshActor_UAID_309C23BC3FF0026401_1676291115 Label:hickory_tree_2_Tree_0 SpatiallyLoaded:1 Bounds:IsValid=true, Min=(X=730.000 Y=1340.000 Z=100.000), Max=(X=730.000 Y=1340.000 Z=100.000) RuntimeGrid:None EditorOnly:0 RuntimeOnly:0 HLODRelevant:0
 |   |   |- Guid:B078798241AFAF5302F580BEEA2F551C BaseClass: NativeClass:/Script/Engine.StaticMeshActor Name:StaticMeshActor_UAID_B4A9FCF07D0F2B6801_1180563551 Label:hickory_tree_3_Tree_2 SpatiallyLoaded:1 Bounds:IsValid=true, Min=(X=301.532 Y=126.034 Z=435.742), Max=(X=1430.510 Y=1312.190 Z=1472.502) RuntimeGrid:None EditorOnly:0 RuntimeOnly:0 HLODRelevant:1
 |   |   |- Guid:C16B9336453740CE313F56A76301F151 BaseClass: NativeClass:/Script/Engine.StaticMeshActor Name:StaticMeshActor_UAID_309C23BC3FF0026401_1706191117 Label:hickory_tree_3_Tree_0 SpatiallyLoaded:1 Bounds:IsValid=true, Min=(X=730.000 Y=1340.000 Z=100.000), Max=(X=730.000 Y=1340.000 Z=100.000) RuntimeGrid:None EditorOnly:0 RuntimeOnly:0 HLODRelevant:0
 |   |   |- Guid:C22CE07C4B87D685137FDBBC10FC92C6 BaseClass: NativeClass:/Script/Engine.SkyAtmosphere Name:SkyAtmosphere_0 Label:SkyAtmosphere SpatiallyLoaded:0 Bounds:IsValid=true, Min=(X=0.000 Y=0.000 Z=1020.000), Max=(X=0.000 Y=0.000 Z=1020.000) RuntimeGrid:None EditorOnly:0 RuntimeOnly:0 HLODRelevant:0 FolderPath:Lighting FolderGuid:0BA5F0A04EADB18E70D5B180D08FA34B
 |   |   |- Guid:C9126DDD4A949838A00C0B8CE6A5062F BaseClass: NativeClass:/Script/Engine.StaticMeshActor Name:StaticMeshActor_UAID_B4A9FCF07D0F2B6801_1473766556 Label:hickory_lp_2 SpatiallyLoaded:1 Bounds:IsValid=true, Min=(X=-979.858 Y=1360.458 Z=84.371), Max=(X=-164.538 Y=2188.435 Z=1263.737) RuntimeGrid:None EditorOnly:0 RuntimeOnly:0 HLODRelevant:1
 |   |   |- Guid:CE8D82634660FCDB3120E2B8D547C533 BaseClass: NativeClass:/Script/Engine.PostProcessVolume Name:PostProcessVolume_0 Label:PostProcessVolume SpatiallyLoaded:0 Bounds:IsValid=true, Min=(X=353.002 Y=-638.991 Z=380.485), Max=(X=553.002 Y=-438.991 Z=580.485) RuntimeGrid:None EditorOnly:0 RuntimeOnly:0 HLODRelevant:0 FolderPath:Lighting FolderGuid:0BA5F0A04EADB18E70D5B180D08FA34B
 |   |   |- Guid:D1AF52794CC00CFDCF22CAB2E4564352 BaseClass: NativeClass:/Script/Landscape.LandscapeStreamingProxy Name:LandscapeStreamingProxy_B54HXKPNOU8T73MBEW7N3LRKX_1_2_0_0 Label:LandscapeStreamingProxy_2_0_0 SpatiallyLoaded:1 Bounds:IsValid=true, Min=(X=0.000 Y=-25200.000 Z=100.000), Max=(X=12600.000 Y=-12600.000 Z=617.969) RuntimeGrid:None EditorOnly:0 RuntimeOnly:0 HLODRelevant:1
 |   |   |- Guid:D2E9F95C4184E69068B62BAD1874B080 BaseClass: NativeClass:/Script/Engine.StaticMeshActor Name:StaticMeshActor_UAID_309C23BC3FF0026401_1676273114 Label:hickory_tree_2_Tree_1 SpatiallyLoaded:1 Bounds:IsValid=true, Min=(X=730.000 Y=1340.000 Z=100.000), Max=(X=730.000 Y=1340.000 Z=100.000) RuntimeGrid:None EditorOnly:0 RuntimeOnly:0 HLODRelevant:0
 |   |   |- Guid:DF75315A49173B38469900AF073CD721 BaseClass: NativeClass:/Script/Engine.StaticMeshActor Name:StaticMeshActor_UAID_309C23BC3FF0026401_1706172116 Label:hickory_tree_3_Tree_1 SpatiallyLoaded:1 Bounds:IsValid=true, Min=(X=730.000 Y=1340.000 Z=100.000), Max=(X=730.000 Y=1340.000 Z=100.000) RuntimeGrid:None EditorOnly:0 RuntimeOnly:0 HLODRelevant:0
 |   |   |- Guid:E2C6D71A412D1D83D2D2529CDCE0A173 BaseClass: NativeClass:/Script/Engine.StaticMeshActor Name:StaticMeshActor_UAID_B4A9FCF07D0F616801_2040476062 Label:rock1_mesh_lp SpatiallyLoaded:1 Bounds:IsValid=true, Min=(X=-3588.148 Y=1789.303 Z=-317.498), Max=(X=-2672.085 Y=3035.031 Z=842.903) RuntimeGrid:None EditorOnly:0 RuntimeOnly:0 HLODRelevant:1
 |   |   |- Guid:E509B86C4F890A1BD7EF4B868FD02E76 BaseClass: NativeClass:/Script/Engine.StaticMeshActor Name:StaticMeshActor_UAID_B4A9FCF07D0F1A6301_1422019279 Label:PineTree1 SpatiallyLoaded:1 Bounds:IsValid=true, Min=(X=-460.000 Y=950.000 Z=100.000), Max=(X=-460.000 Y=950.000 Z=100.000) RuntimeGrid:None EditorOnly:0 RuntimeOnly:0 HLODRelevant:0
 |   |   |- Guid:E5320C1B4FD9764CE7B54D8487AEC613 BaseClass: NativeClass:/Script/Engine.SkyLight Name:SkyLight_0 Label:SkyLight SpatiallyLoaded:0 Bounds:IsValid=true, Min=(X=0.000 Y=0.000 Z=690.000), Max=(X=0.000 Y=0.000 Z=690.000) RuntimeGrid:None EditorOnly:0 RuntimeOnly:0 HLODRelevant:0 FolderPath:Lighting FolderGuid:0BA5F0A04EADB18E70D5B180D08FA34B
 |   |   |- Guid:E88CB7444FA55D5E758FECA3FE0A8840 BaseClass: NativeClass:/Script/Engine.StaticMeshActor Name:StaticMeshActor_UAID_B4A9FCF07D0F2B6801_1473785557 Label:hickory_tree_3_Tree_2 SpatiallyLoaded:1 Bounds:IsValid=true, Min=(X=-1192.999 Y=1151.095 Z=425.742), Max=(X=73.479 Y=2429.365 Z=1462.502) RuntimeGrid:None EditorOnly:0 RuntimeOnly:0 HLODRelevant:1
 |   |   |- Guid:EE9E412F48CFE2D1CE2A19814F5E918B BaseClass: NativeClass:/Script/Landscape.LandscapeStreamingProxy Name:LandscapeStreamingProxy_B54HXKPNOU8T73MBEW7N3LRKX_1_3_3_0 Label:LandscapeStreamingProxy_3_3_0 SpatiallyLoaded:1 Bounds:IsValid=true, Min=(X=12600.000 Y=12600.000 Z=100.000), Max=(X=25200.000 Y=25200.000 Z=100.000) RuntimeGrid:None EditorOnly:0 RuntimeOnly:0 HLODRelevant:1
 |   |   |- Guid:F6DF91F549A075E80EE7E3A81B0BB59F BaseClass: NativeClass:/Script/Landscape.LandscapeStreamingProxy Name:LandscapeStreamingProxy_B54HXKPNOU8T73MBEW7N3LRKX_1_1_0_0 Label:LandscapeStreamingProxy_1_0_0 SpatiallyLoaded:1 Bounds:IsValid=true, Min=(X=-12600.000 Y=-25200.000 Z=100.000), Max=(X=0.000 Y=-12600.000 Z=502.344) RuntimeGrid:None EditorOnly:0 RuntimeOnly:0 HLODRelevant:1
 |   |   |- Guid:F80621C9446867154938FE81375207DA BaseClass: NativeClass:/Script/Engine.DirectionalLight Name:DirectionalLight_1 Label:DirectionalLight SpatiallyLoaded:0 Bounds:IsValid=true, Min=(X=-4398046511104.000 Y=-4398046511104.000 Z=-4398046511104.000), Max=(X=4398046511104.000 Y=4398046511104.000 Z=4398046511104.000) RuntimeGrid:None EditorOnly:0 RuntimeOnly:0 HLODRelevant:0 FolderPath:Lighting FolderGuid:0BA5F0A04EADB18E70D5B180D08FA34B
 |   |   |- Guid:FEE1EE7A44066E9B480004A879DAF369 BaseClass: NativeClass:/Script/Landscape.LandscapeStreamingProxy Name:LandscapeStreamingProxy_B54HXKPNOU8T73MBEW7N3LRKX_1_1_1_0 Label:LandscapeStreamingProxy_1_1_0 SpatiallyLoaded:1 Bounds:IsValid=true, Min=(X=-12600.000 Y=-12600.000 Z=100.000), Max=(X=0.000 Y=0.000 Z=1185.938) RuntimeGrid:None EditorOnly:0 RuntimeOnly:0 HLODRelevant:1
 |   |- [+] Clusters:
 |   |   |- [+] [  0]
 |   |   |   |- Guid:6FEFB3BD4EB37B849EF0D4AC80F83855 BaseClass: NativeClass:/Script/Engine.WorldDataLayers Name:WorldDataLayers Label:WorldDataLayers SpatiallyLoaded:0 Bounds:IsValid=true, Min=(X=0.000 Y=0.000 Z=0.000), Max=(X=0.000 Y=0.000 Z=0.000) RuntimeGrid:None EditorOnly:0 RuntimeOnly:0 HLODRelevant:0
 |   |   |- [+] [  1]
 |   |   |   |- Guid:45966026420E2BBC9342829D22EF6CC9 BaseClass: NativeClass:/Script/Landscape.LandscapeStreamingProxy Name:LandscapeStreamingProxy_B54HXKPNOU8T73MBEW7N3LRKX_1_0_1_0 Label:LandscapeStreamingProxy_0_1_0 SpatiallyLoaded:1 Bounds:IsValid=true, Min=(X=-25200.000 Y=-12600.000 Z=0.000), Max=(X=-12600.000 Y=0.000 Z=200.000) RuntimeGrid:None EditorOnly:0 RuntimeOnly:0 HLODRelevant:1
 |   |   |- [+] [  2]
 |   |   |   |- Guid:D1AF52794CC00CFDCF22CAB2E4564352 BaseClass: NativeClass:/Script/Landscape.LandscapeStreamingProxy Name:LandscapeStreamingProxy_B54HXKPNOU8T73MBEW7N3LRKX_1_2_0_0 Label:LandscapeStreamingProxy_2_0_0 SpatiallyLoaded:1 Bounds:IsValid=true, Min=(X=0.000 Y=-25200.000 Z=100.000), Max=(X=12600.000 Y=-12600.000 Z=617.969) RuntimeGrid:None EditorOnly:0 RuntimeOnly:0 HLODRelevant:1
 |   |   |- [+] [  3]
 |   |   |   |- Guid:0859730C407139D7FEDFBEA2D023E2FC BaseClass: NativeClass:/Script/Landscape.Landscape Name:Landscape_UAID_B4A9FCF07D0FD86101_2081685608 Label:Landscape SpatiallyLoaded:0 Bounds:IsValid=true, Min=(X=-25200.000 Y=-25200.000 Z=100.000), Max=(X=-25200.000 Y=-25200.000 Z=100.000) RuntimeGrid:None EditorOnly:0 RuntimeOnly:0 HLODRelevant:0
 |   |   |- [+] [  4]
 |   |   |   |- Guid:E88CB7444FA55D5E758FECA3FE0A8840 BaseClass: NativeClass:/Script/Engine.StaticMeshActor Name:StaticMeshActor_UAID_B4A9FCF07D0F2B6801_1473785557 Label:hickory_tree_3_Tree_2 SpatiallyLoaded:1 Bounds:IsValid=true, Min=(X=-1192.999 Y=1151.095 Z=425.742), Max=(X=73.479 Y=2429.365 Z=1462.502) RuntimeGrid:None EditorOnly:0 RuntimeOnly:0 HLODRelevant:1
 |   |   |- [+] [  5]
 |   |   |   |- Guid:6812108E41D65306B57597A859FFFB33 BaseClass: NativeClass:/Script/Engine.StaticMeshActor Name:StaticMeshActor_UAID_309C23BC3FF02B6D01_1145476831 Label:formation2_uv_lp SpatiallyLoaded:1 Bounds:IsValid=true, Min=(X=-538.223 Y=3252.131 Z=-4.561), Max=(X=1289.131 Y=4256.593 Z=1321.386) RuntimeGrid:None EditorOnly:0 RuntimeOnly:0 HLODRelevant:1
 |   |   |- [+] [  6]
 |   |   |   |- Guid:77087BCA4B99673F4F1C9598B4060099 BaseClass: NativeClass:/Script/Engine.StaticMeshActor Name:StaticMeshActor_UAID_B4A9FCF07D0FDA6101_1534955963 Label:Cylinder2 SpatiallyLoaded:1 Bounds:IsValid=true, Min=(X=13150.000 Y=-23252.500 Z=102.000), Max=(X=13250.000 Y=-23127.500 Z=302.000) RuntimeGrid:None EditorOnly:0 RuntimeOnly:0 HLODRelevant:1
 |   |   |- [+] [  7]
 |   |   |   |- Guid:EE9E412F48CFE2D1CE2A19814F5E918B BaseClass: NativeClass:/Script/Landscape.LandscapeStreamingProxy Name:LandscapeStreamingProxy_B54HXKPNOU8T73MBEW7N3LRKX_1_3_3_0 Label:LandscapeStreamingProxy_3_3_0 SpatiallyLoaded:1 Bounds:IsValid=true, Min=(X=12600.000 Y=12600.000 Z=100.000), Max=(X=25200.000 Y=25200.000 Z=100.000) RuntimeGrid:None EditorOnly:0 RuntimeOnly:0 HLODRelevant:1
 |   |   |- [+] [  8]
 |   |   |   |- Guid:E509B86C4F890A1BD7EF4B868FD02E76 BaseClass: NativeClass:/Script/Engine.StaticMeshActor Name:StaticMeshActor_UAID_B4A9FCF07D0F1A6301_1422019279 Label:PineTree1 SpatiallyLoaded:1 Bounds:IsValid=true, Min=(X=-460.000 Y=950.000 Z=100.000), Max=(X=-460.000 Y=950.000 Z=100.000) RuntimeGrid:None EditorOnly:0 RuntimeOnly:0 HLODRelevant:0
 |   |   |- [+] [  9]
 |   |   |   |- Guid:2D79D7A541A9D21769AD6CB97EB466A7 BaseClass: NativeClass:/Script/Landscape.LandscapeStreamingProxy Name:LandscapeStreamingProxy_B54HXKPNOU8T73MBEW7N3LRKX_1_1_3_0 Label:LandscapeStreamingProxy_1_3_0 SpatiallyLoaded:1 Bounds:IsValid=true, Min=(X=-12600.000 Y=12600.000 Z=100.000), Max=(X=0.000 Y=25200.000 Z=100.000) RuntimeGrid:None EditorOnly:0 RuntimeOnly:0 HLODRelevant:1
 |   |   |- [+] [ 10]
 |   |   |   |- Guid:A169FD32479FAA0289C4258A4CAD5A91 BaseClass: NativeClass:/Script/Engine.StaticMeshActor Name:StaticMeshActor_UAID_B4A9FCF07D0F2B6801_1180607553 Label:hickory_lp_2 SpatiallyLoaded:1 Bounds:IsValid=true, Min=(X=527.497 Y=327.133 Z=94.371), Max=(X=1244.320 Y=1105.332 Z=1273.737) RuntimeGrid:None EditorOnly:0 RuntimeOnly:0 HLODRelevant:1
 |   |   |- [+] [ 11]
 |   |   |   |- Guid:60F508594EC2B753038A6EA67C875597 BaseClass: NativeClass:/Script/Landscape.LandscapeStreamingProxy Name:LandscapeStreamingProxy_B54HXKPNOU8T73MBEW7N3LRKX_1_2_3_0 Label:LandscapeStreamingProxy_2_3_0 SpatiallyLoaded:1 Bounds:IsValid=true, Min=(X=0.000 Y=12600.000 Z=100.000), Max=(X=12600.000 Y=25200.000 Z=100.000) RuntimeGrid:None EditorOnly:0 RuntimeOnly:0 HLODRelevant:1
 |   |   |- [+] [ 12]
 |   |   |   |- Guid:C16B9336453740CE313F56A76301F151 BaseClass: NativeClass:/Script/Engine.StaticMeshActor Name:StaticMeshActor_UAID_309C23BC3FF0026401_1706191117 Label:hickory_tree_3_Tree_0 SpatiallyLoaded:1 Bounds:IsValid=true, Min=(X=730.000 Y=1340.000 Z=100.000), Max=(X=730.000 Y=1340.000 Z=100.000) RuntimeGrid:None EditorOnly:0 RuntimeOnly:0 HLODRelevant:0
 |   |   |- [+] [ 13]
 |   |   |   |- Guid:1FEED82E42B20FD79DD3309C97763B9A BaseClass: NativeClass:/Script/Landscape.LandscapeStreamingProxy Name:LandscapeStreamingProxy_B54HXKPNOU8T73MBEW7N3LRKX_1_2_1_0 Label:LandscapeStreamingProxy_2_1_0 SpatiallyLoaded:1 Bounds:IsValid=true, Min=(X=0.000 Y=-12600.000 Z=40.625), Max=(X=12600.000 Y=0.000 Z=1207.812) RuntimeGrid:None EditorOnly:0 RuntimeOnly:0 HLODRelevant:1
 |   |   |- [+] [ 14]
 |   |   |   |- Guid:AC1C07F3429D48379DDE1E84DDF50D85 BaseClass: NativeClass:/Script/Engine.StaticMeshActor Name:StaticMeshActor_UAID_309C23BC3FF0F76301_1905890175 Label:pt3 SpatiallyLoaded:1 Bounds:IsValid=true, Min=(X=238.238 Y=2459.439 Z=160.172), Max=(X=970.953 Y=3049.980 Z=1429.589) RuntimeGrid:None EditorOnly:0 RuntimeOnly:0 HLODRelevant:1
 |   |   |- [+] [ 15]
 |   |   |   |- Guid:59798E4A49CBEB5D8C7666BBF40ED9E0 BaseClass: NativeClass:/Script/Landscape.LandscapeStreamingProxy Name:LandscapeStreamingProxy_B54HXKPNOU8T73MBEW7N3LRKX_1_0_0_0 Label:LandscapeStreamingProxy_0_0_0 SpatiallyLoaded:1 Bounds:IsValid=true, Min=(X=-25200.000 Y=-25200.000 Z=100.000), Max=(X=-12600.000 Y=-12600.000 Z=100.000) RuntimeGrid:None EditorOnly:0 RuntimeOnly:0 HLODRelevant:1
 |   |   |- [+] [ 16]
 |   |   |   |- Guid:67FA935546E380C084C027A8CF96CBBB BaseClass: NativeClass:/Script/Landscape.LandscapeStreamingProxy Name:LandscapeStreamingProxy_B54HXKPNOU8T73MBEW7N3LRKX_1_0_2_0 Label:LandscapeStreamingProxy_0_2_0 SpatiallyLoaded:1 Bounds:IsValid=true, Min=(X=-25200.000 Y=0.000 Z=100.000), Max=(X=-12600.000 Y=12600.000 Z=100.000) RuntimeGrid:None EditorOnly:0 RuntimeOnly:0 HLODRelevant:1
 |   |   |- [+] [ 17]
 |   |   |   |- Guid:B078798241AFAF5302F580BEEA2F551C BaseClass: NativeClass:/Script/Engine.StaticMeshActor Name:StaticMeshActor_UAID_B4A9FCF07D0F2B6801_1180563551 Label:hickory_tree_3_Tree_2 SpatiallyLoaded:1 Bounds:IsValid=true, Min=(X=301.532 Y=126.034 Z=435.742), Max=(X=1430.510 Y=1312.190 Z=1472.502) RuntimeGrid:None EditorOnly:0 RuntimeOnly:0 HLODRelevant:1
 |   |   |- [+] [ 18]
 |   |   |   |- Guid:C9126DDD4A949838A00C0B8CE6A5062F BaseClass: NativeClass:/Script/Engine.StaticMeshActor Name:StaticMeshActor_UAID_B4A9FCF07D0F2B6801_1473766556 Label:hickory_lp_2 SpatiallyLoaded:1 Bounds:IsValid=true, Min=(X=-979.858 Y=1360.458 Z=84.371), Max=(X=-164.538 Y=2188.435 Z=1263.737) RuntimeGrid:None EditorOnly:0 RuntimeOnly:0 HLODRelevant:1
 |   |   |- [+] [ 19]
 |   |   |   |- Guid:252A49A149A22577320AF786061AE57C BaseClass: NativeClass:/Script/Engine.StaticMeshActor Name:StaticMeshActor_UAID_B4A9FCF07D0FD76101_1685736431 Label:Plane SpatiallyLoaded:1 Bounds:IsValid=true, Min=(X=-24610.000 Y=-23060.000 Z=10.000), Max=(X=25390.000 Y=26940.000 Z=10.000) RuntimeGrid:None EditorOnly:0 RuntimeOnly:0 HLODRelevant:1
 |   |   |- [+] [ 20]
 |   |   |   |- Guid:E2C6D71A412D1D83D2D2529CDCE0A173 BaseClass: NativeClass:/Script/Engine.StaticMeshActor Name:StaticMeshActor_UAID_B4A9FCF07D0F616801_2040476062 Label:rock1_mesh_lp SpatiallyLoaded:1 Bounds:IsValid=true, Min=(X=-3588.148 Y=1789.303 Z=-317.498), Max=(X=-2672.085 Y=3035.031 Z=842.903) RuntimeGrid:None EditorOnly:0 RuntimeOnly:0 HLODRelevant:1
 |   |   |- [+] [ 21]
 |   |   |   |- Guid:9C5F5F7949A75A564BD37AAF5DC00024 BaseClass: NativeClass:/Script/Landscape.LandscapeStreamingProxy Name:LandscapeStreamingProxy_B54HXKPNOU8T73MBEW7N3LRKX_1_0_3_0 Label:LandscapeStreamingProxy_0_3_0 SpatiallyLoaded:1 Bounds:IsValid=true, Min=(X=-25200.000 Y=12600.000 Z=100.000), Max=(X=-12600.000 Y=25200.000 Z=100.000) RuntimeGrid:None EditorOnly:0 RuntimeOnly:0 HLODRelevant:1
 |   |   |- [+] [ 22]
 |   |   |   |- Guid:198DC5FE4775DCE93992D1B30C6F1F93 BaseClass: NativeClass:/Script/Engine.StaticMeshActor Name:StaticMeshActor_UAID_B4A9FCF07D0FC96601_1145416247 Label:tex_tree_2 SpatiallyLoaded:1 Bounds:IsValid=true, Min=(X=1556.891 Y=2742.551 Z=179.130), Max=(X=2975.532 Y=4311.939 Z=1542.209) RuntimeGrid:None EditorOnly:0 RuntimeOnly:0 HLODRelevant:1
 |   |   |- [+] [ 23]
 |   |   |   |- Guid:61391D344900612A77DFC3BA3E354907 BaseClass: NativeClass:/Script/Engine.ExponentialHeightFog Name:ExponentialHeightFog_0 Label:ExponentialHeightFog SpatiallyLoaded:0 Bounds:IsValid=true, Min=(X=-5600.000 Y=-50.000 Z=-6850.000), Max=(X=-5600.000 Y=-50.000 Z=-6850.000) RuntimeGrid:None EditorOnly:0 RuntimeOnly:0 HLODRelevant:0 FolderPath:Lighting FolderGuid:0BA5F0A04EADB18E70D5B180D08FA34B
 |   |   |- [+] [ 24]
 |   |   |   |- Guid:1F9C45584E48CA0C6987A59BA1BC8C3E BaseClass: NativeClass:/Script/Engine.StaticMeshActor Name:StaticMeshActor_UAID_B4A9FCF07D0FCC6601_2087887778 Label:oak_tree_1_Tree_1 SpatiallyLoaded:1 Bounds:IsValid=true, Min=(X=-1079.414 Y=2561.744 Z=392.151), Max=(X=45.862 Y=3749.488 Z=1193.384) RuntimeGrid:None EditorOnly:0 RuntimeOnly:0 HLODRelevant:1
 |   |   |- [+] [ 25]
 |   |   |   |- Guid:118CDB48414AB6D18CC2FE91FF7250EB BaseClass: NativeClass:/Script/Engine.StaticMeshActor Name:StaticMeshActor_UAID_B4A9FCF07D0FCC6601_2087848777 Label:oak_tree_1_Tree_0 SpatiallyLoaded:1 Bounds:IsValid=true, Min=(X=-968.235 Y=2605.641 Z=80.000), Max=(X=-36.199 Y=3707.299 Z=1060.041) RuntimeGrid:None EditorOnly:0 RuntimeOnly:0 HLODRelevant:1
 |   |   |- [+] [ 26]
 |   |   |   |- Guid:A354B1B24E617A525DC6B48CCDE2417E BaseClass: NativeClass:/Script/Engine.PlayerStart Name:PlayerStart_0 Label:PlayerStart SpatiallyLoaded:0 Bounds:IsValid=true, Min=(X=860.000 Y=810.000 Z=100.013), Max=(X=940.000 Y=890.000 Z=284.013) RuntimeGrid:None EditorOnly:0 RuntimeOnly:0 HLODRelevant:0
 |   |   |- [+] [ 27]
 |   |   |   |- Guid:AE3E986545E9E4271E0928857EFD2CB7 BaseClass: NativeClass:/Script/Engine.StaticMeshActor Name:StaticMeshActor_UAID_309C23BC3FF0026401_1676291115 Label:hickory_tree_2_Tree_0 SpatiallyLoaded:1 Bounds:IsValid=true, Min=(X=730.000 Y=1340.000 Z=100.000), Max=(X=730.000 Y=1340.000 Z=100.000) RuntimeGrid:None EditorOnly:0 RuntimeOnly:0 HLODRelevant:0
 |   |   |- [+] [ 28]
 |   |   |   |- Guid:7D6529E048536630E459CB8BEBF77686 BaseClass: NativeClass:/Script/Landscape.LandscapeStreamingProxy Name:LandscapeStreamingProxy_B54HXKPNOU8T73MBEW7N3LRKX_1_3_0_0 Label:LandscapeStreamingProxy_3_0_0 SpatiallyLoaded:1 Bounds:IsValid=true, Min=(X=12600.000 Y=-25200.000 Z=100.000), Max=(X=25200.000 Y=-12600.000 Z=100.000) RuntimeGrid:None EditorOnly:0 RuntimeOnly:0 HLODRelevant:1
 |   |   |- [+] [ 29]
 |   |   |   |- Guid:A6AEB2FB473AAA31833C25AC1C44A86F BaseClass: NativeClass:/Script/Engine.SkeletalMeshActor Name:SkeletalMeshActor_UAID_B4A9FCF07D0FDA6101_1473952962 Label:SK_Mannequin_Arms SpatiallyLoaded:1 Bounds:IsValid=true, Min=(X=816.602 Y=916.631 Z=193.746), Max=(X=963.214 Y=953.776 Z=266.371) RuntimeGrid:None EditorOnly:0 RuntimeOnly:0 HLODRelevant:0
 |   |   |- [+] [ 30]
 |   |   |   |- Guid:F80621C9446867154938FE81375207DA BaseClass: NativeClass:/Script/Engine.DirectionalLight Name:DirectionalLight_1 Label:DirectionalLight SpatiallyLoaded:0 Bounds:IsValid=true, Min=(X=-4398046511104.000 Y=-4398046511104.000 Z=-4398046511104.000), Max=(X=4398046511104.000 Y=4398046511104.000 Z=4398046511104.000) RuntimeGrid:None EditorOnly:0 RuntimeOnly:0 HLODRelevant:0 FolderPath:Lighting FolderGuid:0BA5F0A04EADB18E70D5B180D08FA34B
 |   |   |- [+] [ 31]
 |   |   |   |- Guid:E5320C1B4FD9764CE7B54D8487AEC613 BaseClass: NativeClass:/Script/Engine.SkyLight Name:SkyLight_0 Label:SkyLight SpatiallyLoaded:0 Bounds:IsValid=true, Min=(X=0.000 Y=0.000 Z=690.000), Max=(X=0.000 Y=0.000 Z=690.000) RuntimeGrid:None EditorOnly:0 RuntimeOnly:0 HLODRelevant:0 FolderPath:Lighting FolderGuid:0BA5F0A04EADB18E70D5B180D08FA34B
 |   |   |- [+] [ 32]
 |   |   |   |- Guid:D2E9F95C4184E69068B62BAD1874B080 BaseClass: NativeClass:/Script/Engine.StaticMeshActor Name:StaticMeshActor_UAID_309C23BC3FF0026401_1676273114 Label:hickory_tree_2_Tree_1 SpatiallyLoaded:1 Bounds:IsValid=true, Min=(X=730.000 Y=1340.000 Z=100.000), Max=(X=730.000 Y=1340.000 Z=100.000) RuntimeGrid:None EditorOnly:0 RuntimeOnly:0 HLODRelevant:0
 |   |   |- [+] [ 33]
 |   |   |   |- Guid:DF75315A49173B38469900AF073CD721 BaseClass: NativeClass:/Script/Engine.StaticMeshActor Name:StaticMeshActor_UAID_309C23BC3FF0026401_1706172116 Label:hickory_tree_3_Tree_1 SpatiallyLoaded:1 Bounds:IsValid=true, Min=(X=730.000 Y=1340.000 Z=100.000), Max=(X=730.000 Y=1340.000 Z=100.000) RuntimeGrid:None EditorOnly:0 RuntimeOnly:0 HLODRelevant:0
 |   |   |- [+] [ 34]
 |   |   |   |- Guid:9035887843E8F81E86A54CBDF64BD623 BaseClass: NativeClass:/Script/Landscape.LandscapeStreamingProxy Name:LandscapeStreamingProxy_B54HXKPNOU8T73MBEW7N3LRKX_1_3_2_0 Label:LandscapeStreamingProxy_3_2_0 SpatiallyLoaded:1 Bounds:IsValid=true, Min=(X=12600.000 Y=0.000 Z=100.000), Max=(X=25200.000 Y=12600.000 Z=917.188) RuntimeGrid:None EditorOnly:0 RuntimeOnly:0 HLODRelevant:1
 |   |   |- [+] [ 35]
 |   |   |   |- Guid:0A00A21448FEA449D2A74E81E113B821 BaseClass: NativeClass:/Script/Landscape.LandscapeStreamingProxy Name:LandscapeStreamingProxy_B54HXKPNOU8T73MBEW7N3LRKX_1_1_2_0 Label:LandscapeStreamingProxy_1_2_0 SpatiallyLoaded:1 Bounds:IsValid=true, Min=(X=-12600.000 Y=0.000 Z=10.156), Max=(X=0.000 Y=12600.000 Z=896.875) RuntimeGrid:None EditorOnly:0 RuntimeOnly:0 HLODRelevant:1
 |   |   |- [+] [ 36]
 |   |   |   |- Guid:CE8D82634660FCDB3120E2B8D547C533 BaseClass: NativeClass:/Script/Engine.PostProcessVolume Name:PostProcessVolume_0 Label:PostProcessVolume SpatiallyLoaded:0 Bounds:IsValid=true, Min=(X=353.002 Y=-638.991 Z=380.485), Max=(X=553.002 Y=-438.991 Z=580.485) RuntimeGrid:None EditorOnly:0 RuntimeOnly:0 HLODRelevant:0 FolderPath:Lighting FolderGuid:0BA5F0A04EADB18E70D5B180D08FA34B
 |   |   |- [+] [ 37]
 |   |   |   |- Guid:5FE7584649BB6F09265329A6C57CFD0D BaseClass: NativeClass:/Script/Engine.VolumetricCloud Name:VolumetricCloud_0 Label:VolumetricCloud SpatiallyLoaded:0 Bounds:IsValid=true, Min=(X=0.000 Y=0.000 Z=820.000), Max=(X=0.000 Y=0.000 Z=820.000) RuntimeGrid:None EditorOnly:0 RuntimeOnly:0 HLODRelevant:0 FolderPath:Lighting FolderGuid:0BA5F0A04EADB18E70D5B180D08FA34B
 |   |   |- [+] [ 38]
 |   |   |   |- Guid:7F3F08E548BFFEC72E891893E0740EAE BaseClass: NativeClass:/Script/Engine.StaticMeshActor Name:StaticMeshActor_UAID_B4A9FCF07D0FDA6101_1096593961 Label:Cylinder SpatiallyLoaded:1 Bounds:IsValid=true, Min=(X=730.000 Y=117.500 Z=102.000), Max=(X=830.000 Y=242.500 Z=302.000) RuntimeGrid:None EditorOnly:0 RuntimeOnly:0 HLODRelevant:1
 |   |   |- [+] [ 39]
 |   |   |   |- Guid:C22CE07C4B87D685137FDBBC10FC92C6 BaseClass: NativeClass:/Script/Engine.SkyAtmosphere Name:SkyAtmosphere_0 Label:SkyAtmosphere SpatiallyLoaded:0 Bounds:IsValid=true, Min=(X=0.000 Y=0.000 Z=1020.000), Max=(X=0.000 Y=0.000 Z=1020.000) RuntimeGrid:None EditorOnly:0 RuntimeOnly:0 HLODRelevant:0 FolderPath:Lighting FolderGuid:0BA5F0A04EADB18E70D5B180D08FA34B
 |   |   |- [+] [ 40]
 |   |   |   |- Guid:7107C36545B4B87979C4FB9FB3C61186 BaseClass: NativeClass:/Script/Landscape.LandscapeStreamingProxy Name:LandscapeStreamingProxy_B54HXKPNOU8T73MBEW7N3LRKX_1_3_1_0 Label:LandscapeStreamingProxy_3_1_0 SpatiallyLoaded:1 Bounds:IsValid=true, Min=(X=12600.000 Y=-12600.000 Z=100.000), Max=(X=25200.000 Y=0.000 Z=1199.219) RuntimeGrid:None EditorOnly:0 RuntimeOnly:0 HLODRelevant:1
 |   |   |- [+] [ 41]
 |   |   |   |- Guid:601461FA4E763CE08EEE5B8B0ED9838C BaseClass: NativeClass:/Script/Engine.StaticMeshActor Name:StaticMeshActor_UAID_B4A9FCF07D0F1B6301_1565156456 Label:PineTree2 SpatiallyLoaded:1 Bounds:IsValid=true, Min=(X=-180.000 Y=640.000 Z=100.000), Max=(X=-180.000 Y=640.000 Z=100.000) RuntimeGrid:None EditorOnly:0 RuntimeOnly:0 HLODRelevant:0
 |   |   |- [+] [ 42]
 |   |   |   |- Guid:37653D464A4A44A4D5C28C93AF6DE7B9 BaseClass: NativeClass:/Script/Landscape.LandscapeStreamingProxy Name:LandscapeStreamingProxy_B54HXKPNOU8T73MBEW7N3LRKX_1_2_2_0 Label:LandscapeStreamingProxy_2_2_0 SpatiallyLoaded:1 Bounds:IsValid=true, Min=(X=0.000 Y=0.000 Z=58.594), Max=(X=12600.000 Y=12600.000 Z=985.156) RuntimeGrid:None EditorOnly:0 RuntimeOnly:0 HLODRelevant:1
 |   |   |- [+] [ 43]
 |   |   |   |- Guid:FEE1EE7A44066E9B480004A879DAF369 BaseClass: NativeClass:/Script/Landscape.LandscapeStreamingProxy Name:LandscapeStreamingProxy_B54HXKPNOU8T73MBEW7N3LRKX_1_1_1_0 Label:LandscapeStreamingProxy_1_1_0 SpatiallyLoaded:1 Bounds:IsValid=true, Min=(X=-12600.000 Y=-12600.000 Z=100.000), Max=(X=0.000 Y=0.000 Z=1185.938) RuntimeGrid:None EditorOnly:0 RuntimeOnly:0 HLODRelevant:1
 |   |   |- [+] [ 44]
 |   |   |   |- Guid:F6DF91F549A075E80EE7E3A81B0BB59F BaseClass: NativeClass:/Script/Landscape.LandscapeStreamingProxy Name:LandscapeStreamingProxy_B54HXKPNOU8T73MBEW7N3LRKX_1_1_0_0 Label:LandscapeStreamingProxy_1_0_0 SpatiallyLoaded:1 Bounds:IsValid=true, Min=(X=-12600.000 Y=-25200.000 Z=100.000), Max=(X=0.000 Y=-12600.000 Z=502.344) RuntimeGrid:None EditorOnly:0 RuntimeOnly:0 HLODRelevant:1
 |   |   |- [+] [ 45]
 |   |   |   |- Guid:514BDBD4428CEBB26257CD99434EBA46 BaseClass: NativeClass:/Script/Engine.StaticMeshActor Name:StaticMeshActor_UAID_309C23BC3FF02C6D01_1738385008 Label:oak_uv_lp SpatiallyLoaded:1 Bounds:IsValid=true, Min=(X=1399.671 Y=1653.378 Z=105.588), Max=(X=2244.297 Y=2563.876 Z=897.828) RuntimeGrid:None EditorOnly:0 RuntimeOnly:0 HLODRelevant:1
 |- ContainerInstances:
 |- [+] MainContainer:
 |   |-        ID: 0x0000000000000000
 |   |-    Bounds: IsValid=false, Min=(X=0.000 Y=0.000 Z=0.000), Max=(X=0.000 Y=0.000 Z=0.000)
 |   |- Transform: 0.000000,0.000000,0.000000|0.000000,0.000000,-0.000000|1.000000,1.000000,1.000000
 |   |- Container: /Game/WL_Forest
----------------------------------------------------------------------------------------------------------------
WL_Forest - Persistent Level
----------------------------------------------------------------------------------------------------------------
Always loaded Actor Count: 56 

----------------------------------------------------------------------------------------------------------------
WL_Forest - Runtime Spatial Hash - Streaming Grid - MainGrid
----------------------------------------------------------------------------------------------------------------
            Origin: X=0.000 Y=0.000 Z=0.000
         Cell Size: 12800
      World Bounds: IsValid=false, Min=(X=0.000 Y=0.000 Z=0.000), Max=(X=0.000 Y=0.000 Z=0.000)
     Loading Range: 25600.00
Block Slow Loading: No
 ClientOnlyVisible: No

[+] Grid Levels: 1
 |- Level  0: Cell Count    0 | Cell Size   12800 | Actor Count    0 (0.0%)

[+] Content of Grid Level 0

